<?xml version="1.0" encoding="UTF-8"?>
<!-- Generated by org.testng.reporters.JUnitReportReporter -->
<testsuite hostname="DESKTOP-958FB9I" failures="0" tests="3" name="ParllelTesting.TestGuru99MultipleSession" time="23.724" errors="0" timestamp="2024-05-28T10:33:37 IST" skipped="0">
  <testcase classname="ParllelTesting.TestGuru99MultipleSession" name="executeSessionOne" time="7.978"/>
  <system-out/>
  <testcase classname="ParllelTesting.TestGuru99MultipleSession" name="executeSessionTwo" time="5.180"/>
  <system-out/>
  <testcase classname="ParllelTesting.TestGuru99MultipleSession" name="executeSessionThree" time="10.566"/>
  <system-out/>
</testsuite> <!-- ParllelTesting.TestGuru99MultipleSession -->
